Start testing: Apr 20 15:41 中国标准时间
----------------------------------------------------------
1/3 Testing: test_5_2
1/3 Test: test_5_2
Command: "E:/github/coding/build_tools/CMake/example/demo07/Demo.exe" "5" "2"
Directory: E:/github/coding/build_tools/CMake/example/demo07
"test_5_2" start time: Apr 20 15:41 中国标准时间
Output:
----------------------------------------------------------
Now we use the standard library. 
5 ^ 2 is 25
<end of output>
Test time =   0.11 sec
----------------------------------------------------------
Test Pass Reason:
Required regular expression found. Regex=[is 25]
"test_5_2" end time: Apr 20 15:41 中国标准时间
"test_5_2" time elapsed: 00:00:00
----------------------------------------------------------

2/3 Testing: test_10_5
2/3 Test: test_10_5
Command: "E:/github/coding/build_tools/CMake/example/demo07/Demo.exe" "10" "5"
Directory: E:/github/coding/build_tools/CMake/example/demo07
"test_10_5" start time: Apr 20 15:41 中国标准时间
Output:
----------------------------------------------------------
Now we use the standard library. 
10 ^ 5 is 100000
<end of output>
Test time =   0.10 sec
----------------------------------------------------------
Test Pass Reason:
Required regular expression found. Regex=[is 100000]
"test_10_5" end time: Apr 20 15:41 中国标准时间
"test_10_5" time elapsed: 00:00:00
----------------------------------------------------------

3/3 Testing: test_2_10
3/3 Test: test_2_10
Command: "E:/github/coding/build_tools/CMake/example/demo07/Demo.exe" "2" "10"
Directory: E:/github/coding/build_tools/CMake/example/demo07
"test_2_10" start time: Apr 20 15:41 中国标准时间
Output:
----------------------------------------------------------
Now we use the standard library. 
2 ^ 10 is 1024
<end of output>
Test time =   0.22 sec
----------------------------------------------------------
Test Pass Reason:
Required regular expression found. Regex=[is 1024]
"test_2_10" end time: Apr 20 15:41 中国标准时间
"test_2_10" time elapsed: 00:00:00
----------------------------------------------------------

End testing: Apr 20 15:41 中国标准时间
